nohup: ignoring input

██████████████████████████████████████████████████████████████████████████████████████████████████████████████████████████████████████
  Exp — Best feeding strategy for m>1 (adds C, B_in_sqrt, B_in_dm)
  P=1000  block_C=10.0  final_C=1.0  seeds=3  full-P per SVM
  arms=['C_splitdata_fullcols', 'B_in_sqrt', 'B_in_dm', 'D_sqrt_fullP', 'D_dm_fullP']  m=[1, 10, 50]  L=[1, 2] (m=50 only n<=50,000)
  Reuse A (baseline) and B_phi (featpart) from prior runs for the full table.
██████████████████████████████████████████████████████████████████████████████████████████████████████████████████████████████████████

  Loading higgs...   (HIGGS from cache)
done (0.8s, shape=(1100649, 28))
  loaded HIGGS: 1,100,649 rows, d=28, K=2


============================================================================================
  DATASET: HIGGS
============================================================================================

  ──────────────────────────────────────────────────────────────────────────────────────────
  HIGGS  n=1,000  (d=28, K=2, test=20,000)
  arm                      m  L   n/SVM cols/SVM   train    test  cos_sim   t/run
  ··························································································
  C_splitdata_fullcols     1  1    1000       28  1.0000  0.5738   1.0000    0.3s
  C_splitdata_fullcols     1  2    1000       28  1.0000  0.5736   1.0000    0.3s

  C_splitdata_fullcols    10  SKIP (n/SVM=100<200)
  C_splitdata_fullcols    50  SKIP (n/SVM=20<200)
  B_in_sqrt                1  1    1000        5  0.7473  0.5367   1.0000    0.2s
  B_in_sqrt                1  2    1000        5  0.7497  0.5356   1.0000    0.2s

  B_in_sqrt               10  1     100        5  0.9497  0.5746   0.3502    1.8s
  B_in_sqrt               10  2     100        5  0.9527  0.5789   0.3502    2.6s

  B_in_sqrt               50  1      20        5  0.9977  0.5884   0.3357   11.1s
  B_in_sqrt               50  2      20        5  0.9987  0.6202   0.3357   15.3s

  B_in_dm                  1  1    1000       28  1.0000  0.5745   1.0000    0.4s
  B_in_dm                  1  2    1000       28  1.0000  0.5742   1.0000    0.4s

  B_in_dm                 10  1     100        2  0.8090  0.5947   0.1096    1.5s
  B_in_dm                 10  2     100        2  0.8113  0.5944   0.1096    2.1s

  B_in_dm                 50  SKIP (m>d=28)
  D_sqrt_fullP             1  1    1000        5  0.7503  0.5357   1.0000    0.2s
  D_sqrt_fullP             1  2    1000        5  0.7507  0.5357   1.0000    0.3s

  D_sqrt_fullP            10  SKIP (n/SVM=100<200)
  D_sqrt_fullP            50  SKIP (n/SVM=20<200)
  D_dm_fullP               1  1    1000       28  1.0000  0.5742   1.0000    0.5s
  D_dm_fullP               1  2    1000       28  0.9997  0.5743   1.0000    0.4s

  D_dm_fullP              10  SKIP (n/SVM=100<200)
  D_dm_fullP              50  SKIP (m>d=28)

  ──────────────────────────────────────────────────────────────────────────────────────────
  HIGGS  n=5,000  (d=28, K=2, test=20,000)
  arm                      m  L   n/SVM cols/SVM   train    test  cos_sim   t/run
  ··························································································
  C_splitdata_fullcols     1  1    5000       28  0.7679  0.6148   1.0000    1.3s
  C_splitdata_fullcols     1  2    5000       28  0.7678  0.6153   1.0000    1.5s

  C_splitdata_fullcols    10  1     500       28  0.6987  0.6386   0.0334    2.1s
  C_splitdata_fullcols    10  2     500       28  0.7275  0.6310   0.0334    5.9s

  C_splitdata_fullcols    50  SKIP (n/SVM=100<200)
  B_in_sqrt                1  1    5000        5  0.6458  0.5484   1.0000    2.4s
  B_in_sqrt                1  2    5000        5  0.6463  0.5479   1.0000    2.5s

  B_in_sqrt               10  1     500        5  0.8379  0.6065   0.1893   21.4s
  B_in_sqrt               10  2     500        5  0.8439  0.6110   0.1893   23.0s

  B_in_sqrt               50  1     100        5  0.9319  0.6214   0.2018  103.7s
  B_in_sqrt               50  2     100        5  0.9571  0.6369   0.2018  159.6s

  B_in_dm                  1  1    5000       28  0.7654  0.6180   1.0000    1.7s
  B_in_dm                  1  2    5000       28  0.7659  0.6178   1.0000    1.7s

  B_in_dm                 10  1     500        2  0.7191  0.6218   0.0951    9.5s
  B_in_dm                 10  2     500        2  0.7212  0.6253   0.0951   11.1s

  B_in_dm                 50  SKIP (m>d=28)
  D_sqrt_fullP             1  1    5000        5  0.6455  0.5512   1.0000    1.7s
  D_sqrt_fullP             1  2    5000        5  0.6453  0.5500   1.0000    1.9s

  D_sqrt_fullP            10  1     500        5  0.6455  0.5841   0.0594    4.8s
  D_sqrt_fullP            10  2     500        5  0.6459  0.5779   0.0594   10.1s

  D_sqrt_fullP            50  SKIP (n/SVM=100<200)
  D_dm_fullP               1  1    5000       28  0.7730  0.6149   1.0000    1.6s
  D_dm_fullP               1  2    5000       28  0.7723  0.6149   1.0000    1.8s

  D_dm_fullP              10  1     500        2  0.6306  0.6034  -0.0026    5.3s
  D_dm_fullP              10  2     500        2  0.6259  0.6035  -0.0026    9.9s

  D_dm_fullP              50  SKIP (m>d=28)

  ──────────────────────────────────────────────────────────────────────────────────────────
  HIGGS  n=10,000  (d=28, K=2, test=20,000)
  arm                      m  L   n/SVM cols/SVM   train    test  cos_sim   t/run
  ··························································································
  C_splitdata_fullcols     1  1   10000       28  0.7200  0.6355   1.0000    2.8s
  C_splitdata_fullcols     1  2   10000       28  0.7204  0.6355   1.0000    3.0s

  C_splitdata_fullcols    10  1    1000       28  0.6952  0.6445   0.0288    3.1s
  C_splitdata_fullcols    10  2    1000       28  0.7154  0.6375   0.0288    6.3s

  C_splitdata_fullcols    50  1     200       28  0.6717  0.6507   0.0334    1.6s
  C_splitdata_fullcols    50  2     200       28  0.6830  0.6524   0.0334    2.4s

  B_in_sqrt                1  1   10000        5  0.6182  0.5496   1.0000    3.8s
  B_in_sqrt                1  2   10000        5  0.6183  0.5488   1.0000    4.4s

  B_in_sqrt               10  1    1000        5  0.7779  0.6218   0.1668   46.7s
  B_in_sqrt               10  2    1000        5  0.7805  0.6252   0.1668   51.7s

  B_in_sqrt               50  1     200        5  0.8656  0.6387   0.1912  210.9s
  B_in_sqrt               50  2     200        5  0.8978  0.6429   0.1912  329.6s

  B_in_dm                  1  1   10000       28  0.7204  0.6394   1.0000    2.5s
  B_in_dm                  1  2   10000       28  0.7203  0.6394   1.0000    2.9s

  B_in_dm                 10  1    1000        2  0.6929  0.6353   0.1014   19.8s
  B_in_dm                 10  2    1000        2  0.6948  0.6375   0.1014   22.7s

  B_in_dm                 50  SKIP (m>d=28)
  D_sqrt_fullP             1  1   10000        5  0.6183  0.5505   1.0000    3.7s
  D_sqrt_fullP             1  2   10000        5  0.6188  0.5515   1.0000    3.8s

  D_sqrt_fullP            10  1    1000        5  0.6467  0.6049   0.0427    2.8s
  D_sqrt_fullP            10  2    1000        5  0.6468  0.6025   0.0427    5.0s

  D_sqrt_fullP            50  1     200        5  0.6620  0.6448   0.0634   13.4s
  D_sqrt_fullP            50  2     200        5  0.6616  0.6328   0.0634   24.3s

  D_dm_fullP               1  1   10000       28  0.7196  0.6349   1.0000    2.3s
  D_dm_fullP               1  2   10000       28  0.7198  0.6343   1.0000    2.6s

  D_dm_fullP              10  1    1000        2  0.6347  0.6200   0.0095    1.9s
  D_dm_fullP              10  2    1000        2  0.6371  0.6236   0.0095    2.8s

  D_dm_fullP              50  SKIP (m>d=28)

  ──────────────────────────────────────────────────────────────────────────────────────────
  HIGGS  n=50,000  (d=28, K=2, test=20,000)
  arm                      m  L   n/SVM cols/SVM   train    test  cos_sim   t/run
  ··························································································
  C_splitdata_fullcols     1  1   50000       28  0.6873  0.6708   1.0000    8.4s
  C_splitdata_fullcols     1  2   50000       28  0.6878  0.6716   1.0000    9.9s

  C_splitdata_fullcols    10  1    5000       28  0.6863  0.6703   0.0849   13.2s
  C_splitdata_fullcols    10  2    5000       28  0.6940  0.6643   0.0849   30.9s

  C_splitdata_fullcols    50  1    1000       28  0.6831  0.6723   0.0294   16.3s
  C_splitdata_fullcols    50  2    1000       28  0.6890  0.6696   0.0294   24.7s

  B_in_sqrt                1  1   50000        5  0.5839  0.5603   1.0000   19.3s
  B_in_sqrt                1  2   50000        5  0.5842  0.5598   1.0000   21.7s

  B_in_sqrt               10  1    5000        5  0.6826  0.6460   0.1743  172.7s
  B_in_sqrt               10  2    5000        5  0.6833  0.6482   0.1743  199.1s

  B_in_sqrt               50  1    1000        5  0.7402  0.6845   0.1969  870.6s
  B_in_sqrt               50  2    1000        5  0.7510  0.6815   0.1969 1375.3s

  B_in_dm                  1  1   50000       28  0.6889  0.6692   1.0000    8.8s
  B_in_dm                  1  2   50000       28  0.6898  0.6698   1.0000   10.4s

  B_in_dm                 10  1    5000        2  0.6590  0.6507   0.1380   70.5s
  B_in_dm                 10  2    5000        2  0.6612  0.6544   0.1380   84.1s

  B_in_dm                 50  SKIP (m>d=28)
  D_sqrt_fullP             1  1   50000        5  0.5831  0.5602   1.0000   18.0s
  D_sqrt_fullP             1  2   50000        5  0.5839  0.5596   1.0000   18.3s

  D_sqrt_fullP            10  1    5000        5  0.6477  0.6268   0.0825   20.3s
  D_sqrt_fullP            10  2    5000        5  0.6452  0.6240   0.0825   31.4s

  D_sqrt_fullP            50  1    1000        5  0.6758  0.6684   0.0603   25.3s
  D_sqrt_fullP            50  2    1000        5  0.6771  0.6614   0.0603   54.2s

  D_dm_fullP               1  1   50000       28  0.6890  0.6704   1.0000    8.7s
  D_dm_fullP               1  2   50000       28  0.6889  0.6706   1.0000   10.3s

  D_dm_fullP              10  1    5000        2  0.6434  0.6378   0.0463   12.2s
  D_dm_fullP              10  2    5000        2  0.6469  0.6427   0.0463   16.1s

  D_dm_fullP              50  SKIP (m>d=28)

  ──────────────────────────────────────────────────────────────────────────────────────────
  HIGGS  n=100,000  (d=28, K=2, test=20,000)
  arm                      m  L   n/SVM cols/SVM   train    test  cos_sim   t/run
  ··························································································
  C_splitdata_fullcols     1  1  100000       28  0.6840  0.6721   1.0000   17.2s
  C_splitdata_fullcols     1  2  100000       28  0.6846  0.6722   1.0000   19.8s

  C_splitdata_fullcols    10  1   10000       28  0.6845  0.6726   0.1733   22.9s
  C_splitdata_fullcols    10  2   10000       28  0.6885  0.6708   0.1733   43.6s

  C_splitdata_fullcols    50  SKIP (m=50 only run up to n=50,000; large-n reserved for m<=10)
  B_in_sqrt                1  1  100000        5  0.5768  0.5640   1.0000   28.2s
  B_in_sqrt                1  2  100000        5  0.5771  0.5645   1.0000   30.5s

  B_in_sqrt               10  1   10000        5  0.6714  0.6516   0.1713  327.0s
  B_in_sqrt               10  2   10000        5  0.6723  0.6543   0.1713  375.9s

  B_in_sqrt               50  SKIP (m=50 only run up to n=50,000; large-n reserved for m<=10)
  B_in_dm                  1  1  100000       28  0.6848  0.6732   1.0000   16.0s
  B_in_dm                  1  2  100000       28  0.6855  0.6728   1.0000   18.8s

  B_in_dm                 10  1   10000        2  0.6566  0.6537   0.1488  117.1s
  B_in_dm                 10  2   10000        2  0.6592  0.6550   0.1488  139.0s

  B_in_dm                 50  SKIP (m>d=28)
  D_sqrt_fullP             1  1  100000        5  0.5788  0.5647   1.0000   35.6s
  D_sqrt_fullP             1  2  100000        5  0.5790  0.5647   1.0000   37.8s

  D_sqrt_fullP            10  1   10000        5  0.6510  0.6381   0.0878   44.0s
  D_sqrt_fullP            10  2   10000        5  0.6525  0.6386   0.0878   60.1s

  D_sqrt_fullP            50  SKIP (m=50 only run up to n=50,000; large-n reserved for m<=10)
  D_dm_fullP               1  1  100000       28  0.6847  0.6767   1.0000   17.4s
  D_dm_fullP               1  2  100000       28  0.6852  0.6761   1.0000   20.2s

  D_dm_fullP              10  1   10000        2  0.6466  0.6434   0.1270   19.2s
  D_dm_fullP              10  2   10000        2  0.6491  0.6455   0.1270   25.8s

  D_dm_fullP              50  SKIP (m>d=28)

  ──────────────────────────────────────────────────────────────────────────────────────────
  HIGGS  n=200,000  (d=28, K=2, test=20,000)
  arm                      m  L   n/SVM cols/SVM   train    test  cos_sim   t/run
  ··························································································
  C_splitdata_fullcols     1  1  200000       28  0.6811  0.6743   1.0000   31.2s
  C_splitdata_fullcols     1  2  200000       28  0.6817  0.6759   1.0000   36.1s

  C_splitdata_fullcols    10  1   20000       28  0.6815  0.6752   0.3101   34.2s
  C_splitdata_fullcols    10  2   20000       28  0.6825  0.6767   0.3101   41.3s

  C_splitdata_fullcols    50  SKIP (m=50 only run up to n=50,000; large-n reserved for m<=10)
  B_in_sqrt                1  1  200000        5  0.5722  0.5665   1.0000   54.0s
  B_in_sqrt                1  2  200000        5  0.5728  0.5675   1.0000   58.8s

  B_in_sqrt               10  1   20000        5  0.6633  0.6538   0.1554  651.6s
  B_in_sqrt               10  2   20000        5  0.6642  0.6543   0.1554  780.3s

  B_in_sqrt               50  SKIP (m=50 only run up to n=50,000; large-n reserved for m<=10)
  B_in_dm                  1  1  200000       28  0.6820  0.6753   1.0000   43.8s
  B_in_dm                  1  2  200000       28  0.6826  0.6755   1.0000   52.5s

  B_in_dm                 10  1   20000        2  0.6539  0.6526   0.1444  284.3s
